-------------------------------------------------------------------------------
Test set: TestSuite
-------------------------------------------------------------------------------
Tests run: 4, Failures: 1, Errors: 0, Skipped: 0, Time elapsed: 28.565 sec <<< FAILURE! - in TestSuite
VerifyTitle(seleniumPackage.SeleniumTests)  Time elapsed: 0.01 sec  <<< FAILURE!
java.lang.AssertionError: expected [2] but found [1]
	at seleniumPackage.SeleniumTests.VerifyTitle(SeleniumTests.java:29)

