<?xml version="1.0" encoding="UTF-8"?>
<!-- Generated by org.testng.reporters.JUnitXMLReporter -->
<testsuite hostname="WSPL_LAP_033" name="Test1" tests="4" failures="1" timestamp="27 Sep 2016 09:34:48 GMT" time="9.544" errors="0">
  <testcase name="OpenBrowser" time="1.433" classname="seleniumPackage.SeleniumTests"/>
  <testcase name="OpenSite" time="7.021" classname="seleniumPackage.SeleniumTests"/>
  <testcase name="VerifyTitle" time="0.003" classname="seleniumPackage.SeleniumTests">
    <failure type="java.lang.AssertionError" message="expected [2] but found [1]">
      <![CDATA[java.lang.AssertionError: expected [2] but found [1]
	at seleniumPackage.SeleniumTests.VerifyTitle(SeleniumTests.java:33)
... Removed 32 stack frames]]>
    </failure>
  </testcase> <!-- VerifyTitle -->
  <testcase name="Close" time="1.066" classname="seleniumPackage.SeleniumTests"/>
</testsuite> <!-- Test1 -->
